TN:
SF:controllers/authController.js
FN:5,(anonymous_0)
FN:42,(anonymous_1)
FNF:2
FNH:2
FNDA:9,(anonymous_0)
FNDA:14,(anonymous_1)
DA:1,2
DA:2,2
DA:3,2
DA:5,2
DA:6,9
DA:7,9
DA:8,9
DA:9,2
DA:14,7
DA:16,4
DA:21,4
DA:22,4
DA:24,2
DA:29,2
DA:35,5
DA:36,5
DA:42,2
DA:43,14
DA:44,14
DA:46,14
DA:47,13
DA:48,5
DA:53,8
DA:54,6
DA:55,2
DA:60,4
DA:71,3
DA:76,3
DA:85,4
DA:86,4
DA:92,2
LF:31
LH:31
BRDA:8,0,0,2
BRDA:8,0,1,7
BRDA:47,1,0,5
BRDA:47,1,1,8
BRDA:54,2,0,2
BRDA:54,2,1,4
BRF:6
BRH:6
end_of_record
TN:
SF:controllers/contactController.js
FN:3,(anonymous_0)
FN:46,(anonymous_1)
FN:50,(anonymous_2)
FN:72,(anonymous_3)
FN:106,(anonymous_4)
FN:138,(anonymous_5)
FN:171,(anonymous_6)
FNF:7
FNH:7
FNDA:6,(anonymous_0)
FNDA:6,(anonymous_1)
FNDA:5,(anonymous_2)
FNDA:7,(anonymous_3)
FNDA:8,(anonymous_4)
FNDA:12,(anonymous_5)
FNDA:6,(anonymous_6)
DA:1,2
DA:3,2
DA:4,6
DA:5,6
DA:10,6
DA:11,2
DA:16,4
DA:21,4
DA:22,4
DA:24,2
DA:33,2
DA:39,2
DA:40,2
DA:46,2
DA:47,6
DA:48,6
DA:50,5
DA:58,5
DA:65,1
DA:66,1
DA:72,2
DA:73,7
DA:74,7
DA:79,5
DA:80,3
DA:85,2
DA:93,2
DA:99,2
DA:100,2
DA:106,2
DA:107,8
DA:108,8
DA:110,8
DA:115,7
DA:116,2
DA:121,5
DA:122,3
DA:128,3
DA:129,2
DA:135,3
DA:136,3
DA:138,3
DA:139,12
DA:140,5
DA:144,3
DA:150,3
DA:158,3
DA:164,1
DA:165,1
DA:171,2
DA:172,6
DA:173,6
DA:175,6
DA:180,5
DA:181,3
DA:186,2
DA:195,1
DA:196,1
DA:202,2
LF:59
LH:59
BRDA:10,0,0,2
BRDA:10,0,1,4
BRDA:79,1,0,3
BRDA:79,1,1,2
BRDA:115,2,0,2
BRDA:115,2,1,5
BRDA:121,3,0,3
BRDA:121,3,1,2
BRDA:121,4,0,5
BRDA:121,4,1,3
BRDA:128,5,0,2
BRDA:128,5,1,1
BRDA:139,6,0,5
BRDA:139,6,1,7
BRDA:180,7,0,3
BRDA:180,7,1,2
BRF:16
BRH:16
end_of_record
TN:
SF:middleware/auth.js
FN:4,(anonymous_0)
FNF:1
FNH:1
FNDA:11,(anonymous_0)
DA:1,1
DA:2,1
DA:4,1
DA:5,11
DA:6,11
DA:8,11
DA:9,2
DA:14,9
DA:16,9
DA:17,1
DA:22,8
DA:24,5
DA:25,4
DA:26,1
DA:31,3
DA:36,3
DA:38,4
DA:39,4
DA:45,1
LF:19
LH:19
BRDA:8,0,0,2
BRDA:8,0,1,9
BRDA:8,1,0,11
BRDA:8,1,1,10
BRDA:16,2,0,1
BRDA:16,2,1,8
BRDA:16,3,0,9
BRDA:16,3,1,8
BRDA:25,4,0,1
BRDA:25,4,1,3
BRF:10
BRH:10
end_of_record
TN:
SF:models/contact.js
FNF:0
FNH:0
DA:1,7
DA:3,7
DA:27,7
LF:3
LH:3
BRF:0
BRH:0
end_of_record
TN:
SF:models/user.js
FNF:0
FNH:0
DA:1,7
DA:3,7
DA:15,7
LF:3
LH:3
BRF:0
BRH:0
end_of_record
TN:
SF:routes/auth.js
FNF:0
FNH:0
DA:1,1
DA:2,1
DA:3,1
DA:5,1
DA:6,1
DA:8,1
LF:6
LH:6
BRF:0
BRH:0
end_of_record
TN:
SF:routes/contact.js
FNF:0
FNH:0
DA:1,1
DA:2,1
DA:3,1
DA:10,1
DA:12,1
DA:13,1
DA:14,1
DA:15,1
DA:16,1
DA:18,1
LF:10
LH:10
BRF:0
BRH:0
end_of_record
